running egg_info
creating ../../build/kuka_robodk_ros2/kuka_robodk_ros2.egg-info
writing ../../build/kuka_robodk_ros2/kuka_robodk_ros2.egg-info/PKG-INFO
writing dependency_links to ../../build/kuka_robodk_ros2/kuka_robodk_ros2.egg-info/dependency_links.txt
writing entry points to ../../build/kuka_robodk_ros2/kuka_robodk_ros2.egg-info/entry_points.txt
writing requirements to ../../build/kuka_robodk_ros2/kuka_robodk_ros2.egg-info/requires.txt
writing top-level names to ../../build/kuka_robodk_ros2/kuka_robodk_ros2.egg-info/top_level.txt
writing manifest file '../../build/kuka_robodk_ros2/kuka_robodk_ros2.egg-info/SOURCES.txt'
reading manifest file '../../build/kuka_robodk_ros2/kuka_robodk_ros2.egg-info/SOURCES.txt'
writing manifest file '../../build/kuka_robodk_ros2/kuka_robodk_ros2.egg-info/SOURCES.txt'
running build
running build_py
creating /home/bmade-robotics/ros2_ws/build/kuka_robodk_ros2/build
creating /home/bmade-robotics/ros2_ws/build/kuka_robodk_ros2/build/lib
creating /home/bmade-robotics/ros2_ws/build/kuka_robodk_ros2/build/lib/kuka_robodk_ros2
copying kuka_robodk_ros2/__init__.py -> /home/bmade-robotics/ros2_ws/build/kuka_robodk_ros2/build/lib/kuka_robodk_ros2
running install
running install_lib
creating /home/bmade-robotics/ros2_ws/install/kuka_robodk_ros2/lib/python3.10/site-packages/kuka_robodk_ros2
copying /home/bmade-robotics/ros2_ws/build/kuka_robodk_ros2/build/lib/kuka_robodk_ros2/__init__.py -> /home/bmade-robotics/ros2_ws/install/kuka_robodk_ros2/lib/python3.10/site-packages/kuka_robodk_ros2
byte-compiling /home/bmade-robotics/ros2_ws/install/kuka_robodk_ros2/lib/python3.10/site-packages/kuka_robodk_ros2/__init__.py to __init__.cpython-310.pyc
running install_data
creating /home/bmade-robotics/ros2_ws/install/kuka_robodk_ros2/share/ament_index
creating /home/bmade-robotics/ros2_ws/install/kuka_robodk_ros2/share/ament_index/resource_index
creating /home/bmade-robotics/ros2_ws/install/kuka_robodk_ros2/share/ament_index/resource_index/packages
copying resource/kuka_robodk_ros2 -> /home/bmade-robotics/ros2_ws/install/kuka_robodk_ros2/share/ament_index/resource_index/packages
copying package.xml -> /home/bmade-robotics/ros2_ws/install/kuka_robodk_ros2/share/kuka_robodk_ros2
running install_egg_info
Copying ../../build/kuka_robodk_ros2/kuka_robodk_ros2.egg-info to /home/bmade-robotics/ros2_ws/install/kuka_robodk_ros2/lib/python3.10/site-packages/kuka_robodk_ros2-0.0.0-py3.10.egg-info
running install_scripts
writing list of installed files to '/home/bmade-robotics/ros2_ws/build/kuka_robodk_ros2/install.log'
