[0.359s] Invoking command in '/home/bmade-robotics/ros2_ws/src/kuka_robodk_ros2': CONDA_PROMPT_MODIFIER=(base) PYTHONPATH=/home/bmade-robotics/ros2_ws/build/kuka_robodk_ros2/prefix_override:/usr/lib/python3/dist-packages/colcon_core/task/python/colcon_distutils_commands:/home/bmade-robotics/ros2_ws/install/kuka_robodk_ros2/lib/python3.10/site-packages:${PYTHONPATH} /usr/bin/python3 -W ignore:setup.py install is deprecated -W ignore:easy_install command is deprecated setup.py egg_info --egg-base ../../build/kuka_robodk_ros2 build --build-base /home/bmade-robotics/ros2_ws/build/kuka_robodk_ros2/build install --record /home/bmade-robotics/ros2_ws/build/kuka_robodk_ros2/install.log --single-version-externally-managed install_data
[0.493s] running egg_info
[0.494s] creating ../../build/kuka_robodk_ros2/kuka_robodk_ros2.egg-info
[0.494s] writing ../../build/kuka_robodk_ros2/kuka_robodk_ros2.egg-info/PKG-INFO
[0.494s] writing dependency_links to ../../build/kuka_robodk_ros2/kuka_robodk_ros2.egg-info/dependency_links.txt
[0.494s] writing entry points to ../../build/kuka_robodk_ros2/kuka_robodk_ros2.egg-info/entry_points.txt
[0.494s] writing requirements to ../../build/kuka_robodk_ros2/kuka_robodk_ros2.egg-info/requires.txt
[0.494s] writing top-level names to ../../build/kuka_robodk_ros2/kuka_robodk_ros2.egg-info/top_level.txt
[0.494s] writing manifest file '../../build/kuka_robodk_ros2/kuka_robodk_ros2.egg-info/SOURCES.txt'
[0.495s] reading manifest file '../../build/kuka_robodk_ros2/kuka_robodk_ros2.egg-info/SOURCES.txt'
[0.495s] writing manifest file '../../build/kuka_robodk_ros2/kuka_robodk_ros2.egg-info/SOURCES.txt'
[0.495s] running build
[0.495s] running build_py
[0.495s] creating /home/bmade-robotics/ros2_ws/build/kuka_robodk_ros2/build
[0.496s] creating /home/bmade-robotics/ros2_ws/build/kuka_robodk_ros2/build/lib
[0.496s] creating /home/bmade-robotics/ros2_ws/build/kuka_robodk_ros2/build/lib/kuka_robodk_ros2
[0.496s] copying kuka_robodk_ros2/__init__.py -> /home/bmade-robotics/ros2_ws/build/kuka_robodk_ros2/build/lib/kuka_robodk_ros2
[0.496s] running install
[0.496s] running install_lib
[0.496s] creating /home/bmade-robotics/ros2_ws/install/kuka_robodk_ros2/lib/python3.10/site-packages/kuka_robodk_ros2
[0.496s] copying /home/bmade-robotics/ros2_ws/build/kuka_robodk_ros2/build/lib/kuka_robodk_ros2/__init__.py -> /home/bmade-robotics/ros2_ws/install/kuka_robodk_ros2/lib/python3.10/site-packages/kuka_robodk_ros2
[0.496s] byte-compiling /home/bmade-robotics/ros2_ws/install/kuka_robodk_ros2/lib/python3.10/site-packages/kuka_robodk_ros2/__init__.py to __init__.cpython-310.pyc
[0.496s] running install_data
[0.496s] creating /home/bmade-robotics/ros2_ws/install/kuka_robodk_ros2/share/ament_index
[0.497s] creating /home/bmade-robotics/ros2_ws/install/kuka_robodk_ros2/share/ament_index/resource_index
[0.497s] creating /home/bmade-robotics/ros2_ws/install/kuka_robodk_ros2/share/ament_index/resource_index/packages
[0.497s] copying resource/kuka_robodk_ros2 -> /home/bmade-robotics/ros2_ws/install/kuka_robodk_ros2/share/ament_index/resource_index/packages
[0.497s] copying package.xml -> /home/bmade-robotics/ros2_ws/install/kuka_robodk_ros2/share/kuka_robodk_ros2
[0.497s] running install_egg_info
[0.498s] Copying ../../build/kuka_robodk_ros2/kuka_robodk_ros2.egg-info to /home/bmade-robotics/ros2_ws/install/kuka_robodk_ros2/lib/python3.10/site-packages/kuka_robodk_ros2-0.0.0-py3.10.egg-info
[0.498s] running install_scripts
[0.510s] writing list of installed files to '/home/bmade-robotics/ros2_ws/build/kuka_robodk_ros2/install.log'
[0.523s] Invoked command in '/home/bmade-robotics/ros2_ws/src/kuka_robodk_ros2' returned '0': CONDA_PROMPT_MODIFIER=(base) PYTHONPATH=/home/bmade-robotics/ros2_ws/build/kuka_robodk_ros2/prefix_override:/usr/lib/python3/dist-packages/colcon_core/task/python/colcon_distutils_commands:/home/bmade-robotics/ros2_ws/install/kuka_robodk_ros2/lib/python3.10/site-packages:${PYTHONPATH} /usr/bin/python3 -W ignore:setup.py install is deprecated -W ignore:easy_install command is deprecated setup.py egg_info --egg-base ../../build/kuka_robodk_ros2 build --build-base /home/bmade-robotics/ros2_ws/build/kuka_robodk_ros2/build install --record /home/bmade-robotics/ros2_ws/build/kuka_robodk_ros2/install.log --single-version-externally-managed install_data
