[0.370s] Invoking command in '/home/bmade-robotics/ros2_ws/src/kuka_robodk_ros2': PYTHONPATH=/home/bmade-robotics/ros2_ws/build/kuka_robodk_ros2/prefix_override:/usr/lib/python3/dist-packages/colcon_core/task/python/colcon_distutils_commands:/home/bmade-robotics/ros2_ws/install/kuka_robodk_ros2/lib/python3.10/site-packages:${PYTHONPATH} /usr/bin/python3 -W ignore:setup.py install is deprecated -W ignore:easy_install command is deprecated setup.py egg_info --egg-base ../../build/kuka_robodk_ros2 build --build-base /home/bmade-robotics/ros2_ws/build/kuka_robodk_ros2/build install --record /home/bmade-robotics/ros2_ws/build/kuka_robodk_ros2/install.log --single-version-externally-managed install_data
[0.516s] running egg_info
[0.516s] writing ../../build/kuka_robodk_ros2/kuka_robodk_ros2.egg-info/PKG-INFO
[0.517s] writing dependency_links to ../../build/kuka_robodk_ros2/kuka_robodk_ros2.egg-info/dependency_links.txt
[0.517s] writing entry points to ../../build/kuka_robodk_ros2/kuka_robodk_ros2.egg-info/entry_points.txt
[0.517s] writing requirements to ../../build/kuka_robodk_ros2/kuka_robodk_ros2.egg-info/requires.txt
[0.517s] writing top-level names to ../../build/kuka_robodk_ros2/kuka_robodk_ros2.egg-info/top_level.txt
[0.518s] reading manifest file '../../build/kuka_robodk_ros2/kuka_robodk_ros2.egg-info/SOURCES.txt'
[0.518s] writing manifest file '../../build/kuka_robodk_ros2/kuka_robodk_ros2.egg-info/SOURCES.txt'
[0.518s] running build
[0.518s] running build_py
[0.519s] running install
[0.519s] running install_lib
[0.519s] running install_data
[0.519s] running install_egg_info
[0.520s] removing '/home/bmade-robotics/ros2_ws/install/kuka_robodk_ros2/lib/python3.10/site-packages/kuka_robodk_ros2-0.0.0-py3.10.egg-info' (and everything under it)
[0.520s] Copying ../../build/kuka_robodk_ros2/kuka_robodk_ros2.egg-info to /home/bmade-robotics/ros2_ws/install/kuka_robodk_ros2/lib/python3.10/site-packages/kuka_robodk_ros2-0.0.0-py3.10.egg-info
[0.521s] running install_scripts
[0.533s] Installing dual_kuka_node script to /home/bmade-robotics/ros2_ws/install/kuka_robodk_ros2/lib/kuka_robodk_ros2
[0.534s] writing list of installed files to '/home/bmade-robotics/ros2_ws/build/kuka_robodk_ros2/install.log'
[0.552s] Invoked command in '/home/bmade-robotics/ros2_ws/src/kuka_robodk_ros2' returned '0': PYTHONPATH=/home/bmade-robotics/ros2_ws/build/kuka_robodk_ros2/prefix_override:/usr/lib/python3/dist-packages/colcon_core/task/python/colcon_distutils_commands:/home/bmade-robotics/ros2_ws/install/kuka_robodk_ros2/lib/python3.10/site-packages:${PYTHONPATH} /usr/bin/python3 -W ignore:setup.py install is deprecated -W ignore:easy_install command is deprecated setup.py egg_info --egg-base ../../build/kuka_robodk_ros2 build --build-base /home/bmade-robotics/ros2_ws/build/kuka_robodk_ros2/build install --record /home/bmade-robotics/ros2_ws/build/kuka_robodk_ros2/install.log --single-version-externally-managed install_data
